2023-10-05 23:03:24.461 [info] Reading sessions from keychain...
2023-10-05 23:03:24.461 [info] Getting sessions for all scopes...
2023-10-05 23:03:24.461 [info] Got 0 sessions for ...
2023-10-05 23:03:24.461 [info] Getting sessions for user:email...
2023-10-05 23:03:24.461 [info] Got 0 sessions for user:email...
2023-10-05 23:03:24.467 [info] Getting sessions for all scopes...
2023-10-05 23:03:24.467 [info] Got 0 sessions for ...
2023-10-05 23:04:16.545 [info] Logging in for the following scopes: user:email
2023-10-05 23:04:16.551 [info] Trying without local server... (user:email)
2023-10-05 23:04:21.305 [info] Exchanging code for token...
2023-10-05 23:04:21.601 [info] Token exchange success!
2023-10-05 23:04:21.603 [info] Getting user info...
2023-10-05 23:04:21.878 [info] Got account info!
2023-10-05 23:04:21.879 [info] Storing 1 sessions...
2023-10-05 23:04:26.671 [info] Reading sessions from keychain...
2023-10-05 23:04:26.671 [info] Stored 1 sessions!
2023-10-05 23:04:26.671 [info] Login success!
2023-10-05 23:04:26.678 [info] Got stored sessions!
2023-10-05 23:04:26.678 [info] Got 1 verified sessions.
2023-10-05 23:04:26.679 [info] Getting sessions for user:email...
2023-10-05 23:04:26.679 [info] Got 1 sessions for user:email...
2023-10-05 23:04:26.679 [info] Getting sessions for user:email...
2023-10-05 23:04:26.679 [info] Got 1 sessions for user:email...
2023-10-05 23:04:26.680 [info] Getting sessions for read:user,repo,user:email...
2023-10-05 23:04:26.680 [info] Got 0 sessions for read:user,repo,user:email...
2023-10-05 23:07:24.081 [info] Getting sessions for all scopes...
2023-10-05 23:07:24.081 [info] Got 1 sessions for ...
2023-10-05 23:07:25.478 [info] Logging out of b274130f6ecafc63
2023-10-05 23:07:25.479 [info] Storing 0 sessions...
2023-10-05 23:07:25.484 [info] Reading sessions from keychain...
2023-10-05 23:07:25.484 [info] Stored 0 sessions!
2023-10-05 23:07:25.491 [info] Got stored sessions!
2023-10-05 23:07:25.491 [info] Got 0 verified sessions.
2023-10-05 23:07:25.811 [info] Getting sessions for read:user,repo,user:email...
2023-10-05 23:07:25.811 [info] Got 0 sessions for read:user,repo,user:email...
2023-10-05 23:07:28.800 [info] Logging in for the following scopes: user:email
2023-10-05 23:07:28.803 [info] Trying without local server... (user:email)
2023-10-05 23:07:32.725 [info] Exchanging code for token...
2023-10-05 23:07:33.229 [info] Token exchange success!
2023-10-05 23:07:33.230 [info] Getting user info...
2023-10-05 23:07:33.547 [info] Got account info!
2023-10-05 23:07:33.548 [info] Storing 1 sessions...
2023-10-05 23:07:33.550 [info] Reading sessions from keychain...
2023-10-05 23:07:33.550 [info] Stored 1 sessions!
2023-10-05 23:07:33.550 [info] Login success!
2023-10-05 23:07:33.550 [info] Got stored sessions!
2023-10-05 23:07:33.550 [info] Got 1 verified sessions.
2023-10-05 23:07:33.600 [info] Getting sessions for user:email...
2023-10-05 23:07:33.600 [info] Got 1 sessions for user:email...
2023-10-05 23:07:33.601 [info] Getting sessions for read:user,repo,user:email...
2023-10-05 23:07:33.602 [info] Got 0 sessions for read:user,repo,user:email...
