2023-10-06T00:00:58.521Z - info: [ui] [AppStore] loading 0 repositories from store
2023-10-06T00:00:58.556Z - info: [ui] [Welcome] no sign in step found. ignoring...
2023-10-06T00:00:58.610Z - info: [ui] launching: 3.2.9-linux1 (Linux 6.5.5-arch1-1)
2023-10-06T00:00:58.616Z - info: [ui] execPath: '/opt/github-desktop/github-desktop'
2023-10-06T00:00:58.709Z - info: [ui] [Welcome] no sign in step found. ignoring...
2023-10-06T00:00:58.826Z - info: [ui] Opt in reported.
2023-10-06T00:01:00.413Z - info: [ui] [Welcome] advancing to step: SignInToDotComWithBrowser
2023-10-06T00:01:00.413Z - info: [ui] [SignInStore] initializing OAuth flow
2023-10-06T00:01:00.417Z - info: [main] opening in browser: https://github.com/login/oauth/authorize?client_id=3a723b10ac5575cc5bb9&scope=repo%20user%20workflow&state=527f844f-a4ef-41cb-b9e9-d9c9fd637f16
2023-10-06T00:01:00.417Z - info: [ui] [Welcome] current sign in state not found. ignoring...
2023-10-06T00:01:01.655Z - info: [ui] [Welcome] kind Authentication is the same as Authentication. ignoring...
2023-10-06T00:01:03.784Z - info: [main] Received possible protocol arguments: 3
2023-10-06T00:01:03.784Z - info: [main] Processing protocol url
2023-10-06T00:01:03.785Z - info: [ui] [Dispatcher] requesting authenticated user
2023-10-06T00:01:03.791Z - info: [ui] [Welcome] kind Authentication is the same as Authentication. ignoring...
2023-10-06T00:01:03.845Z - info: [main] Received possible protocol arguments: 2
2023-10-06T00:01:03.849Z - info: [main] Processing protocol url
2023-10-06T00:01:04.170Z - info: [ui] [Welcome] kind Authentication is the same as Authentication. ignoring...
2023-10-06T00:01:04.625Z - info: [ui] [SignInStore] account resolved
2023-10-06T00:01:04.626Z - info: [ui] [AppStore] adding account jonathandedev (Jonathan E) to store
2023-10-06T00:01:04.627Z - info: [ui] [Welcome] advancing to step: ConfigureGit
2023-10-06T00:01:04.680Z - info: [ui] [Welcome] no sign in step found. ignoring...
2023-10-06T00:01:04.794Z - info: [ui] [Welcome] no sign in step found. ignoring...
2023-10-06T00:01:13.112Z - info: [ui] [Welcome] no sign in step found. ignoring...
2023-10-06T00:01:13.463Z - info: [ui] Subscribed 'jonathandedev' to Alive channel
2023-10-06T00:01:13.556Z - info: [ui] [Welcome] no sign in step found. ignoring...
2023-10-06T00:39:13.800Z - info: [ui] [AppStore.getAccountForRemoteURL] account found for remote: https://github.com/jonathandedev/i3-config.git - jonathandedev (has token)
2023-10-06T00:39:14.509Z - info: [ui] [AppStore] adding repository at /home/jonathande/git/i3-config to store
2023-10-06T00:39:15.035Z - info: [ui] [BranchPruner] No branches to prune.
