2023-10-05 23:03:22.906 [info] Added views:workbench.panel.markers.view in workbench.panel.markers
2023-10-05 23:03:22.906 [info] Added views:workbench.panel.output in workbench.panel.output
2023-10-05 23:03:22.906 [info] Added views:terminal in terminal
2023-10-05 23:03:22.906 [info] Added views:outline in workbench.view.explorer
2023-10-05 23:03:22.906 [info] Added views:workbench.scm in workbench.view.scm
2023-10-05 23:03:22.906 [info] Added views:workbench.view.search in workbench.view.search
2023-10-05 23:03:22.906 [info] Added views:timeline in workbench.view.explorer
2023-10-05 23:03:22.906 [info] Added views:workbench.explorer.emptyView in workbench.view.explorer
2023-10-05 23:03:23.113 [info] Added views:workbench.debug.variablesView,workbench.debug.watchExpressionsView,workbench.debug.callStackView,workbench.debug.breakPointsView in workbench.view.debug
2023-10-05 23:03:23.462 [info] Added views:gitlens.views.home,gitlens.views.workspaces,gitlens.views.account in workbench.view.extension.gitlens
2023-10-05 23:03:23.463 [info] Added views:gitlens.views.commitDetails,gitlens.views.lineHistory,gitlens.views.fileHistory,gitlens.views.searchAndCompare in workbench.view.extension.gitlensInspect
2023-10-05 23:03:23.464 [info] Added views:gitlens.views.commits,gitlens.views.branches,gitlens.views.remotes,gitlens.views.stashes,gitlens.views.tags,gitlens.views.contributors in workbench.view.scm
2023-10-05 23:03:23.465 [info] Added views:makefile.outline in workbench.view.extension.makefile__viewContainer
2023-10-05 23:03:23.465 [info] Added views:remoteTargets in workbench.view.remote
2023-10-05 23:03:23.466 [info] Added views:mavenProjects in workbench.view.explorer
2023-10-05 23:03:23.663 [info] Added views:workbench.panel.repl.view in workbench.panel.repl
2023-10-05 23:03:23.664 [info] Removed views:workbench.debug.breakPointsView,workbench.debug.callStackView,workbench.debug.watchExpressionsView,workbench.debug.variablesView from workbench.view.debug
2023-10-05 23:03:23.664 [info] Added views:workbench.debug.welcome in workbench.view.debug
2023-10-05 23:03:24.109 [info] Removed views:gitlens.views.searchAndCompare,gitlens.views.fileHistory,gitlens.views.lineHistory,gitlens.views.commitDetails from workbench.view.extension.gitlensInspect
2023-10-05 23:03:24.110 [info] Removed views:gitlens.views.contributors,gitlens.views.tags,gitlens.views.stashes,gitlens.views.remotes,gitlens.views.branches,gitlens.views.commits from workbench.view.scm
2023-10-05 23:03:24.396 [info] Added views:~remote.forwardedPorts in ~remote.forwardedPortsContainer
