2023-10-05 23:00:23.741 [info] Reading sessions from keychain...
2023-10-05 23:00:23.741 [info] Getting sessions for all scopes...
2023-10-05 23:00:23.741 [info] Got 0 sessions for ...
2023-10-05 23:00:23.741 [info] Getting sessions for user:email...
2023-10-05 23:00:23.741 [info] Got 0 sessions for user:email...
2023-10-05 23:00:23.793 [info] Getting sessions for all scopes...
2023-10-05 23:00:23.793 [info] Got 0 sessions for ...
2023-10-05 23:00:23.815 [info] Getting sessions for all scopes...
2023-10-05 23:00:23.815 [info] Got 0 sessions for ...
2023-10-05 23:00:25.140 [info] Logging in for the following scopes: user:email
2023-10-05 23:00:25.142 [info] Trying without local server... (user:email)
2023-10-05 23:00:28.456 [info] Exchanging code for token...
2023-10-05 23:00:28.775 [info] Token exchange success!
2023-10-05 23:00:28.777 [info] Getting user info...
2023-10-05 23:00:29.095 [info] Got account info!
2023-10-05 23:00:29.096 [info] Storing 1 sessions...
2023-10-05 23:00:35.066 [info] Reading sessions from keychain...
2023-10-05 23:00:35.067 [info] Stored 1 sessions!
2023-10-05 23:00:35.067 [info] Login success!
2023-10-05 23:00:35.072 [info] Got stored sessions!
2023-10-05 23:00:35.072 [info] Got 1 verified sessions.
2023-10-05 23:00:35.073 [info] Getting sessions for user:email...
2023-10-05 23:00:35.073 [info] Got 1 sessions for user:email...
2023-10-05 23:01:13.665 [info] Getting sessions for user:email...
2023-10-05 23:01:13.665 [info] Got 1 sessions for user:email...
2023-10-05 23:01:15.021 [info] Getting sessions for user:email...
2023-10-05 23:01:15.021 [info] Got 1 sessions for user:email...
2023-10-05 23:01:54.596 [info] Getting sessions for all scopes...
2023-10-05 23:01:54.596 [info] Got 1 sessions for ...
