2023-10-05 23:03:23.372 [info] Extension host with pid 5125 started
2023-10-05 23:03:23.661 [info] ExtensionService#_doActivateExtension vscode.emmet, startup: false, activationEvent: 'onLanguage'
2023-10-05 23:03:23.765 [info] ExtensionService#_doActivateExtension vscode.git-base, startup: true, activationEvent: '*', root cause: vscode.git
2023-10-05 23:03:23.767 [info] ExtensionService#_doActivateExtension dlasagno.wal-theme, startup: true, activationEvent: '*'
2023-10-05 23:03:23.790 [info] ExtensionService#_doActivateExtension ecmel.vscode-html-css, startup: true, activationEvent: '*'
2023-10-05 23:03:23.839 [info] ExtensionService#_doActivateExtension vscode.git, startup: true, activationEvent: '*'
2023-10-05 23:03:23.860 [info] ExtensionService#_doActivateExtension vscode.github, startup: true, activationEvent: '*'
2023-10-05 23:03:23.912 [info] Eager extensions activated
2023-10-05 23:03:23.935 [info] ExtensionService#_doActivateExtension vscode.debug-auto-launch, startup: false, activationEvent: 'onStartupFinished'
2023-10-05 23:03:23.937 [info] ExtensionService#_doActivateExtension vscode.merge-conflict, startup: false, activationEvent: 'onStartupFinished'
2023-10-05 23:03:23.943 [info] ExtensionService#_doActivateExtension aaron-bond.better-comments, startup: false, activationEvent: 'onStartupFinished'
2023-10-05 23:03:23.948 [info] ExtensionService#_doActivateExtension eamodio.gitlens, startup: false, activationEvent: 'onStartupFinished'
2023-10-05 23:03:23.989 [info] ExtensionService#_doActivateExtension esbenp.prettier-vscode, startup: false, activationEvent: 'onStartupFinished'
2023-10-05 23:03:24.026 [info] ExtensionService#_doActivateExtension PKief.material-icon-theme, startup: false, activationEvent: 'onStartupFinished'
2023-10-05 23:03:24.417 [info] ExtensionService#_doActivateExtension vscode.github-authentication, startup: false, activationEvent: 'onAuthenticationRequest:github'
2023-10-05 23:04:27.148 [info] ExtensionService#_doActivateExtension vscode.json-language-features, startup: false, activationEvent: 'onLanguage:jsonc'
2023-10-05 23:04:27.187 [info] ExtensionService#_doActivateExtension vscode.typescript-language-features, startup: false, activationEvent: 'onLanguage:jsonc'
2023-10-05 23:04:27.686 [error] Error: 'github' authentication is required for this operation
	at GitHubGitProvider.r (/home/jonathande/.vscode/extensions/eamodio.gitlens-14.3.0/dist/feature-github.js:1:87042)
2023-10-05 23:07:26.813 [error] Error: 'github' authentication is required for this operation
	at GitHubGitProvider.r (/home/jonathande/.vscode/extensions/eamodio.gitlens-14.3.0/dist/feature-github.js:1:87042)
2023-10-05 23:07:34.604 [error] Error: 'github' authentication is required for this operation
	at GitHubGitProvider.r (/home/jonathande/.vscode/extensions/eamodio.gitlens-14.3.0/dist/feature-github.js:1:87042)
2023-10-05 23:15:49.613 [info] Extension host terminating: renderer closed the MessagePort
2023-10-05 23:15:49.645 [error] Canceled: Canceled
	at new g (/opt/visual-studio-code/resources/app/out/vs/workbench/api/node/extensionHostProcess.js:125:57216)
	at i.U (/opt/visual-studio-code/resources/app/out/vs/workbench/api/node/extensionHostProcess.js:134:10864)
	at M.<computed>.j.charCodeAt.M.<computed> (/opt/visual-studio-code/resources/app/out/vs/workbench/api/node/extensionHostProcess.js:134:8315)
	at n.g (/opt/visual-studio-code/resources/app/out/vs/workbench/api/node/extensionHostProcess.js:125:83747)
	at n.executeCommand (/opt/visual-studio-code/resources/app/out/vs/workbench/api/node/extensionHostProcess.js:125:83185)
	at b.registerCommand.description (/opt/visual-studio-code/resources/app/out/vs/workbench/api/node/extensionHostProcess.js:125:82506)
	at n.h (/opt/visual-studio-code/resources/app/out/vs/workbench/api/node/extensionHostProcess.js:125:84283)
	at n.g (/opt/visual-studio-code/resources/app/out/vs/workbench/api/node/extensionHostProcess.js:125:83278)
	at n.executeCommand (/opt/visual-studio-code/resources/app/out/vs/workbench/api/node/extensionHostProcess.js:125:83185)
	at Object.executeCommand (/opt/visual-studio-code/resources/app/out/vs/workbench/api/node/extensionHostProcess.js:140:21282)
	at w (/home/jonathande/.vscode/extensions/eamodio.gitlens-14.3.0/dist/gitlens.js:1:964727)
	at c (/home/jonathande/.vscode/extensions/eamodio.gitlens-14.3.0/dist/gitlens.js:1:969355)
	at ActionRunners._updateContextKeys (/home/jonathande/.vscode/extensions/eamodio.gitlens-14.3.0/dist/gitlens.js:1:38282)
	at s (/home/jonathande/.vscode/extensions/eamodio.gitlens-14.3.0/dist/gitlens.js:1:36701)
	at RegisteredActionRunner.unregister (/home/jonathande/.vscode/extensions/eamodio.gitlens-14.3.0/dist/gitlens.js:1:36845)
	at RegisteredActionRunner.dispose (/home/jonathande/.vscode/extensions/eamodio.gitlens-14.3.0/dist/gitlens.js:1:35508)
	at ActionRunners.dispose (/home/jonathande/.vscode/extensions/eamodio.gitlens-14.3.0/dist/gitlens.js:1:36287)
	at /home/jonathande/.vscode/extensions/eamodio.gitlens-14.3.0/dist/gitlens.js:1:685943
	at Array.forEach (<anonymous>)
	at Object.dispose (/home/jonathande/.vscode/extensions/eamodio.gitlens-14.3.0/dist/gitlens.js:1:685928)
	at o (/opt/visual-studio-code/resources/app/out/vs/workbench/api/node/extensionHostProcess.js:30:754)
	at s.cb (/opt/visual-studio-code/resources/app/out/vs/workbench/api/node/extensionHostProcess.js:136:9846)
	at /opt/visual-studio-code/resources/app/out/vs/workbench/api/node/extensionHostProcess.js:136:7796
	at Array.map (<anonymous>)
	at s.Y (/opt/visual-studio-code/resources/app/out/vs/workbench/api/node/extensionHostProcess.js:136:7784)
	at s.terminate (/opt/visual-studio-code/resources/app/out/vs/workbench/api/node/extensionHostProcess.js:136:8054)
	at o.terminate (/opt/visual-studio-code/resources/app/out/vs/workbench/api/node/extensionHostProcess.js:140:1513)
	at l (/opt/visual-studio-code/resources/app/out/vs/workbench/api/node/extensionHostProcess.js:153:9801)
	at MessagePortMain.<anonymous> (/opt/visual-studio-code/resources/app/out/vs/workbench/api/node/extensionHostProcess.js:153:6226)
	at MessagePortMain.emit (node:events:513:28)
	at MessagePortMain._internalPort.emit (node:electron/js2c/utility_init:2:367) setContext undefined
2023-10-05 23:15:49.646 [error] Canceled: Canceled
	at new g (/opt/visual-studio-code/resources/app/out/vs/workbench/api/node/extensionHostProcess.js:125:57216)
	at i.U (/opt/visual-studio-code/resources/app/out/vs/workbench/api/node/extensionHostProcess.js:134:10864)
	at M.<computed>.j.charCodeAt.M.<computed> (/opt/visual-studio-code/resources/app/out/vs/workbench/api/node/extensionHostProcess.js:134:8315)
	at n.g (/opt/visual-studio-code/resources/app/out/vs/workbench/api/node/extensionHostProcess.js:125:83747)
	at n.executeCommand (/opt/visual-studio-code/resources/app/out/vs/workbench/api/node/extensionHostProcess.js:125:83185)
	at b.registerCommand.description (/opt/visual-studio-code/resources/app/out/vs/workbench/api/node/extensionHostProcess.js:125:82506)
	at n.h (/opt/visual-studio-code/resources/app/out/vs/workbench/api/node/extensionHostProcess.js:125:84283)
	at n.g (/opt/visual-studio-code/resources/app/out/vs/workbench/api/node/extensionHostProcess.js:125:83278)
	at n.executeCommand (/opt/visual-studio-code/resources/app/out/vs/workbench/api/node/extensionHostProcess.js:125:83185)
	at Object.executeCommand (/opt/visual-studio-code/resources/app/out/vs/workbench/api/node/extensionHostProcess.js:140:21282)
	at w (/home/jonathande/.vscode/extensions/eamodio.gitlens-14.3.0/dist/gitlens.js:1:964727)
	at c (/home/jonathande/.vscode/extensions/eamodio.gitlens-14.3.0/dist/gitlens.js:1:969355)
	at ActionRunners._updateContextKeys (/home/jonathande/.vscode/extensions/eamodio.gitlens-14.3.0/dist/gitlens.js:1:38282)
	at s (/home/jonathande/.vscode/extensions/eamodio.gitlens-14.3.0/dist/gitlens.js:1:36701)
	at RegisteredActionRunner.unregister (/home/jonathande/.vscode/extensions/eamodio.gitlens-14.3.0/dist/gitlens.js:1:36845)
	at RegisteredActionRunner.dispose (/home/jonathande/.vscode/extensions/eamodio.gitlens-14.3.0/dist/gitlens.js:1:35508)
	at ActionRunners.dispose (/home/jonathande/.vscode/extensions/eamodio.gitlens-14.3.0/dist/gitlens.js:1:36287)
	at /home/jonathande/.vscode/extensions/eamodio.gitlens-14.3.0/dist/gitlens.js:1:685943
	at Array.forEach (<anonymous>)
	at Object.dispose (/home/jonathande/.vscode/extensions/eamodio.gitlens-14.3.0/dist/gitlens.js:1:685928)
	at o (/opt/visual-studio-code/resources/app/out/vs/workbench/api/node/extensionHostProcess.js:30:754)
	at s.cb (/opt/visual-studio-code/resources/app/out/vs/workbench/api/node/extensionHostProcess.js:136:9846)
	at /opt/visual-studio-code/resources/app/out/vs/workbench/api/node/extensionHostProcess.js:136:7796
	at Array.map (<anonymous>)
	at s.Y (/opt/visual-studio-code/resources/app/out/vs/workbench/api/node/extensionHostProcess.js:136:7784)
	at s.terminate (/opt/visual-studio-code/resources/app/out/vs/workbench/api/node/extensionHostProcess.js:136:8054)
	at o.terminate (/opt/visual-studio-code/resources/app/out/vs/workbench/api/node/extensionHostProcess.js:140:1513)
	at l (/opt/visual-studio-code/resources/app/out/vs/workbench/api/node/extensionHostProcess.js:153:9801)
	at MessagePortMain.<anonymous> (/opt/visual-studio-code/resources/app/out/vs/workbench/api/node/extensionHostProcess.js:153:6226)
	at MessagePortMain.emit (node:events:513:28)
	at MessagePortMain._internalPort.emit (node:electron/js2c/utility_init:2:367) setContext undefined
2023-10-05 23:15:49.646 [error] Canceled: Canceled
	at new g (/opt/visual-studio-code/resources/app/out/vs/workbench/api/node/extensionHostProcess.js:125:57216)
	at i.U (/opt/visual-studio-code/resources/app/out/vs/workbench/api/node/extensionHostProcess.js:134:10864)
	at M.<computed>.j.charCodeAt.M.<computed> (/opt/visual-studio-code/resources/app/out/vs/workbench/api/node/extensionHostProcess.js:134:8315)
	at n.g (/opt/visual-studio-code/resources/app/out/vs/workbench/api/node/extensionHostProcess.js:125:83747)
	at n.executeCommand (/opt/visual-studio-code/resources/app/out/vs/workbench/api/node/extensionHostProcess.js:125:83185)
	at b.registerCommand.description (/opt/visual-studio-code/resources/app/out/vs/workbench/api/node/extensionHostProcess.js:125:82506)
	at n.h (/opt/visual-studio-code/resources/app/out/vs/workbench/api/node/extensionHostProcess.js:125:84283)
	at n.g (/opt/visual-studio-code/resources/app/out/vs/workbench/api/node/extensionHostProcess.js:125:83278)
	at n.executeCommand (/opt/visual-studio-code/resources/app/out/vs/workbench/api/node/extensionHostProcess.js:125:83185)
	at Object.executeCommand (/opt/visual-studio-code/resources/app/out/vs/workbench/api/node/extensionHostProcess.js:140:21282)
	at w (/home/jonathande/.vscode/extensions/eamodio.gitlens-14.3.0/dist/gitlens.js:1:964727)
	at c (/home/jonathande/.vscode/extensions/eamodio.gitlens-14.3.0/dist/gitlens.js:1:969355)
	at ActionRunners._updateContextKeys (/home/jonathande/.vscode/extensions/eamodio.gitlens-14.3.0/dist/gitlens.js:1:38282)
	at s (/home/jonathande/.vscode/extensions/eamodio.gitlens-14.3.0/dist/gitlens.js:1:36701)
	at RegisteredActionRunner.unregister (/home/jonathande/.vscode/extensions/eamodio.gitlens-14.3.0/dist/gitlens.js:1:36845)
	at RegisteredActionRunner.dispose (/home/jonathande/.vscode/extensions/eamodio.gitlens-14.3.0/dist/gitlens.js:1:35508)
	at ActionRunners.dispose (/home/jonathande/.vscode/extensions/eamodio.gitlens-14.3.0/dist/gitlens.js:1:36287)
	at /home/jonathande/.vscode/extensions/eamodio.gitlens-14.3.0/dist/gitlens.js:1:685943
	at Array.forEach (<anonymous>)
	at Object.dispose (/home/jonathande/.vscode/extensions/eamodio.gitlens-14.3.0/dist/gitlens.js:1:685928)
	at o (/opt/visual-studio-code/resources/app/out/vs/workbench/api/node/extensionHostProcess.js:30:754)
	at s.cb (/opt/visual-studio-code/resources/app/out/vs/workbench/api/node/extensionHostProcess.js:136:9846)
	at /opt/visual-studio-code/resources/app/out/vs/workbench/api/node/extensionHostProcess.js:136:7796
	at Array.map (<anonymous>)
	at s.Y (/opt/visual-studio-code/resources/app/out/vs/workbench/api/node/extensionHostProcess.js:136:7784)
	at s.terminate (/opt/visual-studio-code/resources/app/out/vs/workbench/api/node/extensionHostProcess.js:136:8054)
	at o.terminate (/opt/visual-studio-code/resources/app/out/vs/workbench/api/node/extensionHostProcess.js:140:1513)
	at l (/opt/visual-studio-code/resources/app/out/vs/workbench/api/node/extensionHostProcess.js:153:9801)
	at MessagePortMain.<anonymous> (/opt/visual-studio-code/resources/app/out/vs/workbench/api/node/extensionHostProcess.js:153:6226)
	at MessagePortMain.emit (node:events:513:28)
	at MessagePortMain._internalPort.emit (node:electron/js2c/utility_init:2:367) setContext undefined
2023-10-05 23:15:49.646 [error] Canceled: Canceled
	at new g (/opt/visual-studio-code/resources/app/out/vs/workbench/api/node/extensionHostProcess.js:125:57216)
	at i.U (/opt/visual-studio-code/resources/app/out/vs/workbench/api/node/extensionHostProcess.js:134:10864)
	at M.<computed>.j.charCodeAt.M.<computed> (/opt/visual-studio-code/resources/app/out/vs/workbench/api/node/extensionHostProcess.js:134:8315)
	at n.g (/opt/visual-studio-code/resources/app/out/vs/workbench/api/node/extensionHostProcess.js:125:83747)
	at n.executeCommand (/opt/visual-studio-code/resources/app/out/vs/workbench/api/node/extensionHostProcess.js:125:83185)
	at b.registerCommand.description (/opt/visual-studio-code/resources/app/out/vs/workbench/api/node/extensionHostProcess.js:125:82506)
	at n.h (/opt/visual-studio-code/resources/app/out/vs/workbench/api/node/extensionHostProcess.js:125:84283)
	at n.g (/opt/visual-studio-code/resources/app/out/vs/workbench/api/node/extensionHostProcess.js:125:83278)
	at n.executeCommand (/opt/visual-studio-code/resources/app/out/vs/workbench/api/node/extensionHostProcess.js:125:83185)
	at Object.executeCommand (/opt/visual-studio-code/resources/app/out/vs/workbench/api/node/extensionHostProcess.js:140:21282)
	at w (/home/jonathande/.vscode/extensions/eamodio.gitlens-14.3.0/dist/gitlens.js:1:964727)
	at c (/home/jonathande/.vscode/extensions/eamodio.gitlens-14.3.0/dist/gitlens.js:1:969355)
	at ActionRunners._updateContextKeys (/home/jonathande/.vscode/extensions/eamodio.gitlens-14.3.0/dist/gitlens.js:1:38282)
	at s (/home/jonathande/.vscode/extensions/eamodio.gitlens-14.3.0/dist/gitlens.js:1:36701)
	at RegisteredActionRunner.unregister (/home/jonathande/.vscode/extensions/eamodio.gitlens-14.3.0/dist/gitlens.js:1:36845)
	at RegisteredActionRunner.dispose (/home/jonathande/.vscode/extensions/eamodio.gitlens-14.3.0/dist/gitlens.js:1:35508)
	at Object.dispose (/home/jonathande/.vscode/extensions/eamodio.gitlens-14.3.0/dist/gitlens.js:1:36942)
	at o (/opt/visual-studio-code/resources/app/out/vs/workbench/api/node/extensionHostProcess.js:30:754)
	at s.cb (/opt/visual-studio-code/resources/app/out/vs/workbench/api/node/extensionHostProcess.js:136:9846)
	at /opt/visual-studio-code/resources/app/out/vs/workbench/api/node/extensionHostProcess.js:136:7796
	at Array.map (<anonymous>)
	at s.Y (/opt/visual-studio-code/resources/app/out/vs/workbench/api/node/extensionHostProcess.js:136:7784)
	at s.terminate (/opt/visual-studio-code/resources/app/out/vs/workbench/api/node/extensionHostProcess.js:136:8054)
	at o.terminate (/opt/visual-studio-code/resources/app/out/vs/workbench/api/node/extensionHostProcess.js:140:1513)
	at l (/opt/visual-studio-code/resources/app/out/vs/workbench/api/node/extensionHostProcess.js:153:9801)
	at MessagePortMain.<anonymous> (/opt/visual-studio-code/resources/app/out/vs/workbench/api/node/extensionHostProcess.js:153:6226)
	at MessagePortMain.emit (node:events:513:28)
	at MessagePortMain._internalPort.emit (node:electron/js2c/utility_init:2:367) setContext undefined
2023-10-05 23:15:49.646 [error] Canceled: Canceled
	at new g (/opt/visual-studio-code/resources/app/out/vs/workbench/api/node/extensionHostProcess.js:125:57216)
	at i.U (/opt/visual-studio-code/resources/app/out/vs/workbench/api/node/extensionHostProcess.js:134:10864)
	at M.<computed>.j.charCodeAt.M.<computed> (/opt/visual-studio-code/resources/app/out/vs/workbench/api/node/extensionHostProcess.js:134:8315)
	at n.g (/opt/visual-studio-code/resources/app/out/vs/workbench/api/node/extensionHostProcess.js:125:83747)
	at n.executeCommand (/opt/visual-studio-code/resources/app/out/vs/workbench/api/node/extensionHostProcess.js:125:83185)
	at b.registerCommand.description (/opt/visual-studio-code/resources/app/out/vs/workbench/api/node/extensionHostProcess.js:125:82506)
	at n.h (/opt/visual-studio-code/resources/app/out/vs/workbench/api/node/extensionHostProcess.js:125:84283)
	at n.g (/opt/visual-studio-code/resources/app/out/vs/workbench/api/node/extensionHostProcess.js:125:83278)
	at n.executeCommand (/opt/visual-studio-code/resources/app/out/vs/workbench/api/node/extensionHostProcess.js:125:83185)
	at Object.executeCommand (/opt/visual-studio-code/resources/app/out/vs/workbench/api/node/extensionHostProcess.js:140:21282)
	at w (/home/jonathande/.vscode/extensions/eamodio.gitlens-14.3.0/dist/gitlens.js:1:964727)
	at c (/home/jonathande/.vscode/extensions/eamodio.gitlens-14.3.0/dist/gitlens.js:1:969355)
	at ActionRunners._updateContextKeys (/home/jonathande/.vscode/extensions/eamodio.gitlens-14.3.0/dist/gitlens.js:1:38282)
	at s (/home/jonathande/.vscode/extensions/eamodio.gitlens-14.3.0/dist/gitlens.js:1:36701)
	at RegisteredActionRunner.unregister (/home/jonathande/.vscode/extensions/eamodio.gitlens-14.3.0/dist/gitlens.js:1:36845)
	at RegisteredActionRunner.dispose (/home/jonathande/.vscode/extensions/eamodio.gitlens-14.3.0/dist/gitlens.js:1:35508)
	at Object.dispose (/home/jonathande/.vscode/extensions/eamodio.gitlens-14.3.0/dist/gitlens.js:1:36942)
	at o (/opt/visual-studio-code/resources/app/out/vs/workbench/api/node/extensionHostProcess.js:30:754)
	at s.cb (/opt/visual-studio-code/resources/app/out/vs/workbench/api/node/extensionHostProcess.js:136:9846)
	at /opt/visual-studio-code/resources/app/out/vs/workbench/api/node/extensionHostProcess.js:136:7796
	at Array.map (<anonymous>)
	at s.Y (/opt/visual-studio-code/resources/app/out/vs/workbench/api/node/extensionHostProcess.js:136:7784)
	at s.terminate (/opt/visual-studio-code/resources/app/out/vs/workbench/api/node/extensionHostProcess.js:136:8054)
	at o.terminate (/opt/visual-studio-code/resources/app/out/vs/workbench/api/node/extensionHostProcess.js:140:1513)
	at l (/opt/visual-studio-code/resources/app/out/vs/workbench/api/node/extensionHostProcess.js:153:9801)
	at MessagePortMain.<anonymous> (/opt/visual-studio-code/resources/app/out/vs/workbench/api/node/extensionHostProcess.js:153:6226)
	at MessagePortMain.emit (node:events:513:28)
	at MessagePortMain._internalPort.emit (node:electron/js2c/utility_init:2:367) setContext undefined
2023-10-05 23:15:49.646 [error] Canceled: Canceled
	at new g (/opt/visual-studio-code/resources/app/out/vs/workbench/api/node/extensionHostProcess.js:125:57216)
	at i.U (/opt/visual-studio-code/resources/app/out/vs/workbench/api/node/extensionHostProcess.js:134:10864)
	at M.<computed>.j.charCodeAt.M.<computed> (/opt/visual-studio-code/resources/app/out/vs/workbench/api/node/extensionHostProcess.js:134:8315)
	at n.g (/opt/visual-studio-code/resources/app/out/vs/workbench/api/node/extensionHostProcess.js:125:83747)
	at n.executeCommand (/opt/visual-studio-code/resources/app/out/vs/workbench/api/node/extensionHostProcess.js:125:83185)
	at b.registerCommand.description (/opt/visual-studio-code/resources/app/out/vs/workbench/api/node/extensionHostProcess.js:125:82506)
	at n.h (/opt/visual-studio-code/resources/app/out/vs/workbench/api/node/extensionHostProcess.js:125:84283)
	at n.g (/opt/visual-studio-code/resources/app/out/vs/workbench/api/node/extensionHostProcess.js:125:83278)
	at n.executeCommand (/opt/visual-studio-code/resources/app/out/vs/workbench/api/node/extensionHostProcess.js:125:83185)
	at Object.executeCommand (/opt/visual-studio-code/resources/app/out/vs/workbench/api/node/extensionHostProcess.js:140:21282)
	at w (/home/jonathande/.vscode/extensions/eamodio.gitlens-14.3.0/dist/gitlens.js:1:964727)
	at c (/home/jonathande/.vscode/extensions/eamodio.gitlens-14.3.0/dist/gitlens.js:1:969355)
	at ActionRunners._updateContextKeys (/home/jonathande/.vscode/extensions/eamodio.gitlens-14.3.0/dist/gitlens.js:1:38282)
	at s (/home/jonathande/.vscode/extensions/eamodio.gitlens-14.3.0/dist/gitlens.js:1:36701)
	at RegisteredActionRunner.unregister (/home/jonathande/.vscode/extensions/eamodio.gitlens-14.3.0/dist/gitlens.js:1:36845)
	at RegisteredActionRunner.dispose (/home/jonathande/.vscode/extensions/eamodio.gitlens-14.3.0/dist/gitlens.js:1:35508)
	at Object.dispose (/home/jonathande/.vscode/extensions/eamodio.gitlens-14.3.0/dist/gitlens.js:1:36942)
	at o (/opt/visual-studio-code/resources/app/out/vs/workbench/api/node/extensionHostProcess.js:30:754)
	at s.cb (/opt/visual-studio-code/resources/app/out/vs/workbench/api/node/extensionHostProcess.js:136:9846)
	at /opt/visual-studio-code/resources/app/out/vs/workbench/api/node/extensionHostProcess.js:136:7796
	at Array.map (<anonymous>)
	at s.Y (/opt/visual-studio-code/resources/app/out/vs/workbench/api/node/extensionHostProcess.js:136:7784)
	at s.terminate (/opt/visual-studio-code/resources/app/out/vs/workbench/api/node/extensionHostProcess.js:136:8054)
	at o.terminate (/opt/visual-studio-code/resources/app/out/vs/workbench/api/node/extensionHostProcess.js:140:1513)
	at l (/opt/visual-studio-code/resources/app/out/vs/workbench/api/node/extensionHostProcess.js:153:9801)
	at MessagePortMain.<anonymous> (/opt/visual-studio-code/resources/app/out/vs/workbench/api/node/extensionHostProcess.js:153:6226)
	at MessagePortMain.emit (node:events:513:28)
	at MessagePortMain._internalPort.emit (node:electron/js2c/utility_init:2:367) setContext undefined
2023-10-05 23:15:49.648 [info] Extension host with pid 5125 exiting with code 0
