2023-10-05 18:18:27.137 [info] Extension host with pid 31025 started
2023-10-05 18:18:27.183 [info] ExtensionService#_doActivateExtension vscode.emmet, startup: false, activationEvent: 'onLanguage'
2023-10-05 18:18:27.249 [info] ExtensionService#_doActivateExtension vscode.git-base, startup: true, activationEvent: '*'
2023-10-05 18:18:27.264 [info] ExtensionService#_doActivateExtension vscode.github, startup: true, activationEvent: '*'
2023-10-05 18:18:27.284 [info] Eager extensions activated
2023-10-05 18:18:27.289 [info] ExtensionService#_doActivateExtension vscode.debug-auto-launch, startup: false, activationEvent: 'onStartupFinished'
2023-10-05 18:18:27.291 [info] ExtensionService#_doActivateExtension vscode.merge-conflict, startup: false, activationEvent: 'onStartupFinished'
2023-10-05 18:18:44.637 [info] Extension host terminating: renderer closed the MessagePort
2023-10-05 18:18:44.642 [info] Extension host with pid 31025 exiting with code 0
2023-10-05 18:18:45.457 [info] Extension host with pid 31191 started
2023-10-05 18:18:45.457 [info] Skipping acquiring lock for /home/jonathande/.config/Code/User/workspaceStorage/a86fa3307d465c23a0ccd04a31a56750.
2023-10-05 18:18:45.480 [info] ExtensionService#_doActivateExtension vscode.git-base, startup: true, activationEvent: '*'
2023-10-05 18:18:45.520 [info] ExtensionService#_doActivateExtension vscode.github, startup: true, activationEvent: '*'
2023-10-05 18:18:45.545 [info] Eager extensions activated
2023-10-05 18:18:45.630 [info] ExtensionService#_doActivateExtension vscode.debug-auto-launch, startup: false, activationEvent: 'onStartupFinished'
2023-10-05 18:18:45.633 [info] ExtensionService#_doActivateExtension vscode.merge-conflict, startup: false, activationEvent: 'onStartupFinished'
2023-10-05 18:18:49.770 [info] ExtensionService#_doActivateExtension vscode.git, startup: false, activationEvent: 'api', root cause: vscode.github
2023-10-05 18:20:23.779 [info] ExtensionService#_doActivateExtension vscode.emmet, startup: false, activationEvent: 'onLanguage'
2023-10-05 18:23:18.153 [info] ExtensionService#_doActivateExtension vscode.github-authentication, startup: false, activationEvent: 'onAuthenticationRequest:github'
2023-10-05 18:30:36.028 [info] Extension host terminating: renderer closed the MessagePort
2023-10-05 18:30:36.056 [error] Canceled: Canceled
	at new g (/opt/visual-studio-code/resources/app/out/vs/workbench/api/node/extensionHostProcess.js:125:57216)
	at i.U (/opt/visual-studio-code/resources/app/out/vs/workbench/api/node/extensionHostProcess.js:134:10864)
	at M.<computed>.j.charCodeAt.M.<computed> (/opt/visual-studio-code/resources/app/out/vs/workbench/api/node/extensionHostProcess.js:134:8315)
	at n.g (/opt/visual-studio-code/resources/app/out/vs/workbench/api/node/extensionHostProcess.js:125:83747)
	at n.executeCommand (/opt/visual-studio-code/resources/app/out/vs/workbench/api/node/extensionHostProcess.js:125:83185)
	at b.registerCommand.description (/opt/visual-studio-code/resources/app/out/vs/workbench/api/node/extensionHostProcess.js:125:82506)
	at n.h (/opt/visual-studio-code/resources/app/out/vs/workbench/api/node/extensionHostProcess.js:125:84283)
	at n.g (/opt/visual-studio-code/resources/app/out/vs/workbench/api/node/extensionHostProcess.js:125:83278)
	at n.executeCommand (/opt/visual-studio-code/resources/app/out/vs/workbench/api/node/extensionHostProcess.js:125:83185)
	at Object.executeCommand (/opt/visual-studio-code/resources/app/out/vs/workbench/api/node/extensionHostProcess.js:140:21282)
	at s.D [as value] (/opt/visual-studio-code/resources/app/extensions/git/dist/main.js:2:1312800)
	at c.z (/opt/visual-studio-code/resources/app/out/vs/workbench/api/node/extensionHostProcess.js:80:1902)
	at c.A (/opt/visual-studio-code/resources/app/out/vs/workbench/api/node/extensionHostProcess.js:80:1972)
	at c.fire (/opt/visual-studio-code/resources/app/out/vs/workbench/api/node/extensionHostProcess.js:80:2188)
	at Object.m [as dispose] (/opt/visual-studio-code/resources/app/extensions/git/dist/main.js:2:1328588)
	at /opt/visual-studio-code/resources/app/extensions/git/dist/main.js:2:1333429
	at Array.forEach (<anonymous>)
	at g.dispose (/opt/visual-studio-code/resources/app/extensions/git/dist/main.js:2:1333415)
	at v.<anonymous> (/opt/visual-studio-code/resources/app/out/vs/workbench/api/node/extensionHostProcess.js:121:3521)
	at v.dispose (/opt/visual-studio-code/resources/app/out/vs/workbench/api/node/extensionHostProcess.js:121:3618)
	at v.<anonymous> (/opt/visual-studio-code/resources/app/extensions/git/dist/main.js:2:1314812)
	at v.dispose (/opt/visual-studio-code/resources/app/out/vs/workbench/api/node/extensionHostProcess.js:121:3618)
	at o (/opt/visual-studio-code/resources/app/out/vs/workbench/api/node/extensionHostProcess.js:30:754)
	at s.cb (/opt/visual-studio-code/resources/app/out/vs/workbench/api/node/extensionHostProcess.js:136:9846)
	at /opt/visual-studio-code/resources/app/out/vs/workbench/api/node/extensionHostProcess.js:136:7796
	at Array.map (<anonymous>)
	at s.Y (/opt/visual-studio-code/resources/app/out/vs/workbench/api/node/extensionHostProcess.js:136:7784)
	at s.terminate (/opt/visual-studio-code/resources/app/out/vs/workbench/api/node/extensionHostProcess.js:136:8054)
	at o.terminate (/opt/visual-studio-code/resources/app/out/vs/workbench/api/node/extensionHostProcess.js:140:1513)
	at l (/opt/visual-studio-code/resources/app/out/vs/workbench/api/node/extensionHostProcess.js:153:9801)
	at MessagePortMain.<anonymous> (/opt/visual-studio-code/resources/app/out/vs/workbench/api/node/extensionHostProcess.js:153:6226)
	at MessagePortMain.emit (node:events:513:28)
	at MessagePortMain._internalPort.emit (node:electron/js2c/utility_init:2:367) setContext undefined
2023-10-05 18:30:36.059 [error] Canceled: Canceled
	at new g (/opt/visual-studio-code/resources/app/out/vs/workbench/api/node/extensionHostProcess.js:125:57216)
	at i.U (/opt/visual-studio-code/resources/app/out/vs/workbench/api/node/extensionHostProcess.js:134:10864)
	at M.<computed>.j.charCodeAt.M.<computed> (/opt/visual-studio-code/resources/app/out/vs/workbench/api/node/extensionHostProcess.js:134:8315)
	at n.g (/opt/visual-studio-code/resources/app/out/vs/workbench/api/node/extensionHostProcess.js:125:83747)
	at n.executeCommand (/opt/visual-studio-code/resources/app/out/vs/workbench/api/node/extensionHostProcess.js:125:83185)
	at b.registerCommand.description (/opt/visual-studio-code/resources/app/out/vs/workbench/api/node/extensionHostProcess.js:125:82506)
	at n.h (/opt/visual-studio-code/resources/app/out/vs/workbench/api/node/extensionHostProcess.js:125:84283)
	at n.g (/opt/visual-studio-code/resources/app/out/vs/workbench/api/node/extensionHostProcess.js:125:83278)
	at n.executeCommand (/opt/visual-studio-code/resources/app/out/vs/workbench/api/node/extensionHostProcess.js:125:83185)
	at Object.executeCommand (/opt/visual-studio-code/resources/app/out/vs/workbench/api/node/extensionHostProcess.js:140:21282)
	at set b [as b] (/opt/visual-studio-code/resources/app/extensions/github/dist/extension.js:2:714415)
	at /opt/visual-studio-code/resources/app/extensions/github/dist/extension.js:2:715056
	at s.value (/opt/visual-studio-code/resources/app/extensions/git/dist/main.js:2:1402040)
	at c.z (/opt/visual-studio-code/resources/app/out/vs/workbench/api/node/extensionHostProcess.js:80:1902)
	at c.A (/opt/visual-studio-code/resources/app/out/vs/workbench/api/node/extensionHostProcess.js:80:1972)
	at c.fire (/opt/visual-studio-code/resources/app/out/vs/workbench/api/node/extensionHostProcess.js:80:2188)
	at Object.m [as dispose] (/opt/visual-studio-code/resources/app/extensions/git/dist/main.js:2:1328588)
	at /opt/visual-studio-code/resources/app/extensions/git/dist/main.js:2:1333429
	at Array.forEach (<anonymous>)
	at g.dispose (/opt/visual-studio-code/resources/app/extensions/git/dist/main.js:2:1333415)
	at v.<anonymous> (/opt/visual-studio-code/resources/app/out/vs/workbench/api/node/extensionHostProcess.js:121:3521)
	at v.dispose (/opt/visual-studio-code/resources/app/out/vs/workbench/api/node/extensionHostProcess.js:121:3618)
	at v.<anonymous> (/opt/visual-studio-code/resources/app/extensions/git/dist/main.js:2:1314812)
	at v.dispose (/opt/visual-studio-code/resources/app/out/vs/workbench/api/node/extensionHostProcess.js:121:3618)
	at o (/opt/visual-studio-code/resources/app/out/vs/workbench/api/node/extensionHostProcess.js:30:754)
	at s.cb (/opt/visual-studio-code/resources/app/out/vs/workbench/api/node/extensionHostProcess.js:136:9846)
	at /opt/visual-studio-code/resources/app/out/vs/workbench/api/node/extensionHostProcess.js:136:7796
	at Array.map (<anonymous>)
	at s.Y (/opt/visual-studio-code/resources/app/out/vs/workbench/api/node/extensionHostProcess.js:136:7784)
	at s.terminate (/opt/visual-studio-code/resources/app/out/vs/workbench/api/node/extensionHostProcess.js:136:8054)
	at o.terminate (/opt/visual-studio-code/resources/app/out/vs/workbench/api/node/extensionHostProcess.js:140:1513)
	at l (/opt/visual-studio-code/resources/app/out/vs/workbench/api/node/extensionHostProcess.js:153:9801)
	at MessagePortMain.<anonymous> (/opt/visual-studio-code/resources/app/out/vs/workbench/api/node/extensionHostProcess.js:153:6226)
	at MessagePortMain.emit (node:events:513:28)
	at MessagePortMain._internalPort.emit (node:electron/js2c/utility_init:2:367) setContext undefined
2023-10-05 18:30:36.059 [info] Extension host with pid 31191 exiting with code 0
