2023-10-05 18:47:29.804 [info] Added views:workbench.panel.markers.view in workbench.panel.markers
2023-10-05 18:47:29.804 [info] Added views:workbench.panel.output in workbench.panel.output
2023-10-05 18:47:29.804 [info] Added views:terminal in terminal
2023-10-05 18:47:29.804 [info] Added views:outline in workbench.view.explorer
2023-10-05 18:47:29.804 [info] Added views:workbench.scm in workbench.view.scm
2023-10-05 18:47:29.804 [info] Added views:workbench.view.search in workbench.view.search
2023-10-05 18:47:29.804 [info] Added views:timeline in workbench.view.explorer
2023-10-05 18:47:29.804 [info] Added views:workbench.explorer.emptyView in workbench.view.explorer
2023-10-05 18:47:30.007 [info] Added views:workbench.debug.variablesView,workbench.debug.watchExpressionsView,workbench.debug.callStackView,workbench.debug.breakPointsView in workbench.view.debug
2023-10-05 18:47:30.079 [info] Added views:~remote.forwardedPorts in ~remote.forwardedPortsContainer
2023-10-05 18:47:30.130 [info] Added views:workbench.panel.repl.view in workbench.panel.repl
2023-10-05 18:47:30.131 [info] Removed views:workbench.debug.breakPointsView,workbench.debug.callStackView,workbench.debug.watchExpressionsView,workbench.debug.variablesView from workbench.view.debug
2023-10-05 18:47:30.132 [info] Added views:workbench.debug.welcome in workbench.view.debug
2023-10-05 18:47:52.604 [info] Added views:workbench.panel.markers.view in workbench.panel.markers
2023-10-05 18:47:52.604 [info] Added views:workbench.panel.output in workbench.panel.output
2023-10-05 18:47:52.604 [info] Added views:terminal in terminal
2023-10-05 18:47:52.604 [info] Added views:outline in workbench.view.explorer
2023-10-05 18:47:52.604 [info] Added views:workbench.scm in workbench.view.scm
2023-10-05 18:47:52.604 [info] Added views:workbench.view.search in workbench.view.search
2023-10-05 18:47:52.604 [info] Added views:timeline in workbench.view.explorer
2023-10-05 18:47:52.604 [info] Added views:workbench.explorer.fileView in workbench.view.explorer
2023-10-05 18:47:52.840 [info] Added views:workbench.debug.welcome in workbench.view.debug
2023-10-05 18:47:52.908 [info] Added views:workbench.panel.repl.view in workbench.panel.repl
2023-10-05 18:47:53.086 [info] Added views:~remote.forwardedPorts in ~remote.forwardedPortsContainer
