2023-10-05 23:00:01.676 [info] Added views:workbench.panel.markers.view in workbench.panel.markers
2023-10-05 23:00:01.677 [info] Added views:workbench.panel.output in workbench.panel.output
2023-10-05 23:00:01.677 [info] Added views:terminal in terminal
2023-10-05 23:00:01.677 [info] Added views:outline in workbench.view.explorer
2023-10-05 23:00:01.677 [info] Added views:workbench.scm in workbench.view.scm
2023-10-05 23:00:01.677 [info] Added views:workbench.view.search in workbench.view.search
2023-10-05 23:00:01.677 [info] Added views:timeline in workbench.view.explorer
2023-10-05 23:00:01.677 [info] Added views:workbench.explorer.emptyView in workbench.view.explorer
2023-10-05 23:00:01.863 [info] Added views:workbench.debug.variablesView,workbench.debug.watchExpressionsView,workbench.debug.callStackView,workbench.debug.breakPointsView in workbench.view.debug
2023-10-05 23:00:02.125 [info] Added views:workbench.panel.repl.view in workbench.panel.repl
2023-10-05 23:00:02.126 [info] Removed views:workbench.debug.breakPointsView,workbench.debug.callStackView,workbench.debug.watchExpressionsView,workbench.debug.variablesView from workbench.view.debug
2023-10-05 23:00:02.127 [info] Added views:workbench.debug.welcome in workbench.view.debug
2023-10-05 23:00:02.543 [info] Added views:~remote.forwardedPorts in ~remote.forwardedPortsContainer
2023-10-05 23:01:28.223 [info] Added views:workbench.views.extensions.installed,workbench.views.extensions.popular,extensions.recommendedList in workbench.view.extensions
2023-10-05 23:01:28.226 [info] Removed views:workbench.views.extensions.popular from workbench.view.extensions
2023-10-05 23:01:53.947 [info] Added views:gitlens.views.home,gitlens.views.workspaces,gitlens.views.account in workbench.view.extension.gitlens
2023-10-05 23:01:53.948 [info] Added views:gitlens.views.commitDetails,gitlens.views.lineHistory,gitlens.views.fileHistory,gitlens.views.searchAndCompare in workbench.view.extension.gitlensInspect
2023-10-05 23:01:53.950 [info] Added views:gitlens.views.commits,gitlens.views.branches,gitlens.views.remotes,gitlens.views.stashes,gitlens.views.tags,gitlens.views.contributors in workbench.view.scm
2023-10-05 23:01:53.951 [info] Added views:makefile.outline in workbench.view.extension.makefile__viewContainer
2023-10-05 23:01:53.952 [info] Added views:remoteTargets in workbench.view.remote
2023-10-05 23:01:53.953 [info] Added views:mavenProjects in workbench.view.explorer
2023-10-05 23:01:54.488 [info] Removed views:gitlens.views.searchAndCompare,gitlens.views.fileHistory,gitlens.views.lineHistory,gitlens.views.commitDetails from workbench.view.extension.gitlensInspect
2023-10-05 23:01:54.489 [info] Removed views:gitlens.views.contributors,gitlens.views.tags,gitlens.views.stashes,gitlens.views.remotes,gitlens.views.branches,gitlens.views.commits from workbench.view.scm
